  Scene.cpp
c:\users\joeis\documents\github\graphics-1\coursework 1\source\scene.cpp(343): warning C4244: 'argument' : conversion from 'double' to 'float', possible loss of data
c:\users\joeis\documents\github\graphics-1\coursework 1\source\scene.cpp(396): warning C4305: 'argument' : truncation from 'double' to 'float'
c:\users\joeis\documents\github\graphics-1\coursework 1\source\scene.cpp(426): warning C4244: 'argument' : conversion from 'double' to 'float', possible loss of data
c:\users\joeis\documents\github\graphics-1\coursework 1\source\scene.cpp(578): warning C4244: '=' : conversion from 'FLOAT' to 'UINT', possible loss of data
c:\users\joeis\documents\github\graphics-1\coursework 1\source\scene.cpp(579): warning C4244: '=' : conversion from 'FLOAT' to 'UINT', possible loss of data
c:\users\joeis\documents\github\graphics-1\coursework 1\source\scene.cpp(653): warning C4305: 'argument' : truncation from 'double' to 'float'
c:\users\joeis\documents\github\graphics-1\coursework 1\source\scene.cpp(654): warning C4305: 'argument' : truncation from 'double' to 'float'
c:\users\joeis\documents\github\graphics-1\coursework 1\source\scene.cpp(658): warning C4305: 'argument' : truncation from 'double' to 'float'
c:\users\joeis\documents\github\graphics-1\coursework 1\source\scene.cpp(659): warning C4305: 'argument' : truncation from 'double' to 'float'
c:\users\joeis\documents\github\graphics-1\coursework 1\source\scene.cpp(663): warning C4305: 'argument' : truncation from 'double' to 'float'
c:\users\joeis\documents\github\graphics-1\coursework 1\source\scene.cpp(664): warning C4305: 'argument' : truncation from 'double' to 'float'
c:\users\joeis\documents\github\graphics-1\coursework 1\source\scene.cpp(727): warning C4244: '=' : conversion from 'int' to 'float', possible loss of data
c:\users\joeis\documents\github\graphics-1\coursework 1\source\scene.cpp(731): warning C4244: '=' : conversion from 'int' to 'float', possible loss of data
c:\users\joeis\documents\github\graphics-1\coursework 1\source\scene.cpp(737): warning C4244: '=' : conversion from 'int' to 'float', possible loss of data
c:\users\joeis\documents\github\graphics-1\coursework 1\source\scene.cpp(741): warning C4244: '=' : conversion from 'int' to 'float', possible loss of data
c:\users\joeis\documents\github\graphics-1\coursework 1\source\scene.cpp(806): warning C4305: 'argument' : truncation from 'double' to 'float'
c:\users\joeis\documents\github\graphics-1\coursework 1\source\scene.cpp(826): warning C4244: 'argument' : conversion from 'gu_seconds' to 'float', possible loss of data
c:\users\joeis\documents\github\graphics-1\coursework 1\source\scene.cpp(835): warning C4244: '=' : conversion from 'gu_seconds' to 'int', possible loss of data
c:\users\joeis\documents\github\graphics-1\coursework 1\source\scene.cpp(840): warning C4244: 'argument' : conversion from 'int' to 'float', possible loss of data
c:\users\joeis\documents\github\graphics-1\coursework 1\source\scene.cpp(861): warning C4305: 'argument' : truncation from 'double' to 'float'
c:\users\joeis\documents\github\graphics-1\coursework 1\source\scene.cpp(881): warning C4244: 'argument' : conversion from 'gu_seconds' to 'float', possible loss of data
c:\users\joeis\documents\github\graphics-1\coursework 1\source\scene.cpp(890): warning C4244: '=' : conversion from 'gu_seconds' to 'int', possible loss of data
c:\users\joeis\documents\github\graphics-1\coursework 1\source\scene.cpp(895): warning C4244: 'argument' : conversion from 'int' to 'float', possible loss of data
  DX11Proj.vcxproj -> C:\Users\joeis\Documents\GitHub\Graphics-1\Coursework 1\Debug\DX11Proj.exe
